<?xml version="1.0" encoding="UTF-8"?>
<!-- Generated by org.testng.reporters.JUnitReportReporter -->
<testsuite hostname="arash-VirtualBox" name="com.nackademin.arash_bidarian_assignment02.BasicCalculatorTest" tests="8" failures="0" timestamp="15 Apr 2020 01:56:04 GMT" time="0.183" errors="0">
  <testcase name="coverageTestAddition" time="0.000" classname="com.nackademin.arash_bidarian_assignment02.BasicCalculatorTest"/>
  <testcase name="randomTestDivision" time="0.131" classname="com.nackademin.arash_bidarian_assignment02.BasicCalculatorTest"/>
  <testcase name="randomTestSubtraction" time="0.006" classname="com.nackademin.arash_bidarian_assignment02.BasicCalculatorTest"/>
  <testcase name="coverageTestDivision" time="0.001" classname="com.nackademin.arash_bidarian_assignment02.BasicCalculatorTest"/>
  <testcase name="coverageTestSubtraction" time="0.001" classname="com.nackademin.arash_bidarian_assignment02.BasicCalculatorTest"/>
  <testcase name="randomTestAddition" time="0.038" classname="com.nackademin.arash_bidarian_assignment02.BasicCalculatorTest"/>
  <testcase name="coverageTestMultiplication" time="0.000" classname="com.nackademin.arash_bidarian_assignment02.BasicCalculatorTest"/>
  <testcase name="randomTestMultiplication" time="0.006" classname="com.nackademin.arash_bidarian_assignment02.BasicCalculatorTest"/>
</testsuite> <!-- com.nackademin.arash_bidarian_assignment02.BasicCalculatorTest -->
