<?xml version="1.0" encoding="UTF-8"?>
<!-- Generated by org.testng.reporters.JUnitReportReporter -->
<testsuite hostname="arash-VirtualBox" name="com.nackademin.arash_bidarian_assignment02.AdvancedCalculatorTest" tests="12" failures="0" timestamp="15 Apr 2020 01:56:04 GMT" time="0.344" errors="0">
  <testcase name="coverageTestTenToPowerOf" time="0.001" classname="com.nackademin.arash_bidarian_assignment02.AdvancedCalculatorTest"/>
  <testcase name="coverageTestInvers" time="0.000" classname="com.nackademin.arash_bidarian_assignment02.AdvancedCalculatorTest"/>
  <testcase name="coverageTestAbsValue" time="0.000" classname="com.nackademin.arash_bidarian_assignment02.AdvancedCalculatorTest"/>
  <testcase name="randomTestXToPowOfY" time="0.003" classname="com.nackademin.arash_bidarian_assignment02.AdvancedCalculatorTest"/>
  <testcase name="randomTestCube" time="0.002" classname="com.nackademin.arash_bidarian_assignment02.AdvancedCalculatorTest"/>
  <testcase name="randomTestAbsValue" time="0.150" classname="com.nackademin.arash_bidarian_assignment02.AdvancedCalculatorTest"/>
  <testcase name="randomTestInvers" time="0.088" classname="com.nackademin.arash_bidarian_assignment02.AdvancedCalculatorTest"/>
  <testcase name="coverageTestXToPowOfY" time="0.001" classname="com.nackademin.arash_bidarian_assignment02.AdvancedCalculatorTest"/>
  <testcase name="coverageTestCube" time="0.000" classname="com.nackademin.arash_bidarian_assignment02.AdvancedCalculatorTest"/>
  <testcase name="randomTestSquare" time="0.003" classname="com.nackademin.arash_bidarian_assignment02.AdvancedCalculatorTest"/>
  <testcase name="randomTenToPowerOf" time="0.096" classname="com.nackademin.arash_bidarian_assignment02.AdvancedCalculatorTest"/>
  <testcase name="coverageTestSquare" time="0.000" classname="com.nackademin.arash_bidarian_assignment02.AdvancedCalculatorTest"/>
</testsuite> <!-- com.nackademin.arash_bidarian_assignment02.AdvancedCalculatorTest -->
